45.0 APEX_CODE,FINEST;APEX_PROFILING,INFO;CALLOUT,INFO;DB,INFO;NBA,INFO;SYSTEM,DEBUG;VALIDATION,INFO;VISUALFORCE,FINER;WAVE,INFO;WORKFLOW,INFO
Execute Anonymous: Account obj = [select id,Name,Phone,PersonEmail,Profile_Picture__c,Owner.Name,Owner.Email,Owner.FullPhotoUrl,
Execute Anonymous:                Owner.Phone,Membership_Type__c,Member_Since__c,
Execute Anonymous:                Membership_Expiry_date__c,Card_Valid_Through_Date__c,
Execute Anonymous:                PersonMailingStreet,PersonMailingCity,PersonMailingState,
Execute Anonymous:                PersonMailingPostalCode,PersonMailingCountry
Execute Anonymous:                from Account 
Execute Anonymous:                where id='001q00000125VYT'];
Execute Anonymous: cultivistAPI.user(obj);
08:25:59.3 (3768789)|USER_INFO|[EXTERNAL]|005q0000004fx0d|rahul.g@kandisatech.com.kandisa|(GMT-05:00) Eastern Standard Time (America/New_York)|GMT-05:00
08:25:59.3 (3791972)|EXECUTION_STARTED
08:25:59.3 (3797153)|CODE_UNIT_STARTED|[EXTERNAL]|execute_anonymous_apex
08:25:59.3 (3965902)|VARIABLE_SCOPE_BEGIN|[1]|obj|Account|true|false
08:25:59.3 (4106757)|HEAP_ALLOCATE|[72]|Bytes:3
08:25:59.3 (4148521)|HEAP_ALLOCATE|[77]|Bytes:152
08:25:59.3 (4166635)|HEAP_ALLOCATE|[342]|Bytes:408
08:25:59.3 (4186426)|HEAP_ALLOCATE|[355]|Bytes:408
08:25:59.3 (4204992)|HEAP_ALLOCATE|[467]|Bytes:48
08:25:59.3 (4236999)|HEAP_ALLOCATE|[139]|Bytes:6
08:25:59.3 (4268876)|HEAP_ALLOCATE|[EXTERNAL]|Bytes:3
08:25:59.3 (4399875)|STATEMENT_EXECUTE|[1]
08:25:59.3 (4407765)|STATEMENT_EXECUTE|[1]
08:25:59.3 (4412075)|HEAP_ALLOCATE|[1]|Bytes:354
08:25:59.3 (4433372)|HEAP_ALLOCATE|[1]|Bytes:4
08:25:59.3 (4482078)|HEAP_ALLOCATE|[50]|Bytes:5
08:25:59.3 (4507030)|HEAP_ALLOCATE|[56]|Bytes:5
08:25:59.3 (4517550)|HEAP_ALLOCATE|[64]|Bytes:7
08:25:59.3 (5664640)|SOQL_EXECUTE_BEGIN|[1]|Aggregations:0|SELECT id, Name, Phone, PersonEmail, Profile_Picture__c, Owner.Name, Owner.Email, Owner.FullPhotoUrl, Owner.Phone, Membership_Type__c, Member_Since__c, Membership_Expiry_date__c, Card_Valid_Through_Date__c, PersonMailingStreet, PersonMailingCity, PersonMailingState, PersonMailingPostalCode, PersonMailingCountry FROM Account WHERE id = '001q00000125VYT'
08:25:59.3 (19916363)|SOQL_EXECUTE_END|[1]|Rows:1
08:25:59.3 (19960095)|HEAP_ALLOCATE|[1]|Bytes:8
08:25:59.3 (20002042)|HEAP_ALLOCATE|[1]|Bytes:791
08:25:59.3 (20111261)|HEAP_ALLOCATE|[1]|Bytes:8
08:25:59.3 (20130758)|HEAP_ALLOCATE|[1]|Bytes:33
08:25:59.3 (20192254)|HEAP_ALLOCATE|[1]|Bytes:76
08:25:59.3 (20342851)|VARIABLE_ASSIGNMENT|[1]|obj|{"Id":"001q00000125VYTAA2","Name":"Rahul Test","Phone":"(606) 367-0387","PersonEmail":"rahul.g@kandisatech. (3 more) ...","Profile_Picture__c":"http://magickalgraph (58 more) ...","OwnerId":"005q0000004fx0dAAA","Membership_Type__c":"Full Member","Member_Since__c":"2019-01-01T00:00:00.000Z","Membership_Expiry_date__c":"2022-01-05T00:00:00.000Z","Card_Valid_Through_Date__c":"2023-01-18T00:00:00.000Z","PersonMailingStreet":"4544  Reynolds Alley","PersonMailingCity":"FARMINGTON","PersonMailingState":"KY","PersonMailingPostalCode":"42040","PersonMailingCountry":"US","RecordTypeId":"012410000005Lx1AAE","CurrencyIsoCode":"USD","Owner":{"Id":"005q0000004fx0dAAA","Name":"Kandisa","Email":"rahul.g@kandisatech. (3 more) ...","FullPhotoUrl":"https://thecultivist (54 more) ...","Phone":"(562) 259-6788","CurrencyIsoCode":"USD"}}|0x550ef7ef
08:25:59.3 (20370981)|STATEMENT_EXECUTE|[8]
08:25:59.3 (20433734)|SYSTEM_MODE_ENTER|false
08:25:59.3 (20473664)|HEAP_ALLOCATE|[8]|Bytes:5
08:25:59.3 (52144394)|VARIABLE_SCOPE_BEGIN|[4]|cultivistAPI.mapURL|Map<String,String>|true|true
08:25:59.3 (52167903)|VARIABLE_SCOPE_BEGIN|[3]|cultivistAPI.strtoken|String|false|true
08:25:59.3 (52228263)|HEAP_ALLOCATE|[8]|Bytes:112
08:25:59.3 (52239281)|HEAP_ALLOCATE|[8]|Bytes:32
08:25:59.3 (52243795)|HEAP_ALLOCATE|[8]|Bytes:3
08:25:59.3 (52270429)|METHOD_ENTRY|[2]|01pq0000000bZIo|cultivistAPI.cultivistAPI()
08:25:59.3 (52277554)|STATEMENT_EXECUTE|[2]
08:25:59.3 (52282579)|STATEMENT_EXECUTE|[2]
08:25:59.3 (52293678)|HEAP_ALLOCATE|[8]|Bytes:5
08:25:59.3 (52306782)|METHOD_EXIT|[2]|cultivistAPI
08:25:59.3 (52335319)|METHOD_ENTRY|[8]|01pq0000000bZIo|cultivistAPI.user(Account)
08:25:59.3 (52363163)|VARIABLE_SCOPE_BEGIN|[109]|obj|Account|true|false
08:25:59.3 (52456051)|VARIABLE_ASSIGNMENT|[109]|obj|{"Id":"001q00000125VYTAA2","Name":"Rahul Test","Phone":"(606) 367-0387","PersonEmail":"rahul.g@kandisatech. (3 more) ...","Profile_Picture__c":"http://magickalgraph (58 more) ...","OwnerId":"005q0000004fx0dAAA","Membership_Type__c":"Full Member","Member_Since__c":"2019-01-01T00:00:00.000Z","Membership_Expiry_date__c":"2022-01-05T00:00:00.000Z","Card_Valid_Through_Date__c":"2023-01-18T00:00:00.000Z","PersonMailingStreet":"4544  Reynolds Alley","PersonMailingCity":"FARMINGTON","PersonMailingState":"KY","PersonMailingPostalCode":"42040","PersonMailingCountry":"US","RecordTypeId":"012410000005Lx1AAE","CurrencyIsoCode":"USD","Owner":{"Id":"005q0000004fx0dAAA","Name":"Kandisa","Email":"rahul.g@kandisatech. (3 more) ...","FullPhotoUrl":"https://thecultivist (54 more) ...","Phone":"(562) 259-6788","CurrencyIsoCode":"USD"}}|0x550ef7ef
08:25:59.3 (52489631)|HEAP_ALLOCATE|[110]|Bytes:5
08:25:59.3 (52497443)|STATEMENT_EXECUTE|[109]
08:25:59.3 (52500237)|STATEMENT_EXECUTE|[110]
08:25:59.3 (52516032)|METHOD_ENTRY|[110]|01pq0000000bZIo|cultivistAPI.setToken()
08:25:59.3 (52580690)|HEAP_ALLOCATE|[46]|Bytes:5
08:25:59.3 (52586177)|STATEMENT_EXECUTE|[45]
08:25:59.3 (52588343)|STATEMENT_EXECUTE|[46]
08:25:59.3 (52595062)|METHOD_ENTRY|[46]|01pq0000000bZIo|cultivistAPI.fnFillURL()
08:25:59.3 (52619539)|HEAP_ALLOCATE|[6]|Bytes:5
08:25:59.3 (52626554)|STATEMENT_EXECUTE|[5]
08:25:59.3 (52629102)|STATEMENT_EXECUTE|[6]
08:25:59.3 (52645809)|HEAP_ALLOCATE|[6]|Bytes:4
08:25:59.3 (52692273)|VARIABLE_ASSIGNMENT|[EXTERNAL]|value|{}|0x6c60703c
08:25:59.3 (52708055)|VARIABLE_ASSIGNMENT|[4]|cultivistAPI.mapURL|{}|0x6c60703c
08:25:59.3 (52755026)|STATEMENT_EXECUTE|[7]
08:25:59.3 (52759824)|HEAP_ALLOCATE|[8]|Bytes:127
08:25:59.3 (52773392)|HEAP_ALLOCATE|[8]|Bytes:4
08:25:59.3 (53127073)|SOQL_EXECUTE_BEGIN|[8]|Aggregations:0|SELECT id, Value__c, MasterLabel, DeveloperName FROM Cultivist_Config__mdt 
08:25:59.3 (59798844)|SOQL_EXECUTE_END|[8]|Rows:6
08:25:59.3 (59830585)|HEAP_ALLOCATE|[EXTERNAL]|Bytes:28
08:25:59.3 (60033071)|HEAP_ALLOCATE|[8]|Bytes:54
08:25:59.3 (60043980)|HEAP_ALLOCATE|[8]|Bytes:8
08:25:59.3 (60062555)|SYSTEM_METHOD_ENTRY|[7]|QueryLocatorIterator.QueryLocatorIterator()
08:25:59.3 (60067754)|STATEMENT_EXECUTE|[7]
08:25:59.3 (60075867)|SYSTEM_METHOD_EXIT|[7]|QueryLocatorIterator
08:25:59.3 (60084391)|HEAP_ALLOCATE|[8]|Bytes:28
08:25:59.3 (60154437)|HEAP_ALLOCATE|[8]|Bytes:28
08:25:59.3 (60170951)|HEAP_ALLOCATE|[8]|Bytes:8
08:25:59.3 (60174513)|HEAP_ALLOCATE|[8]|Bytes:8
08:25:59.3 (60185522)|VARIABLE_SCOPE_BEGIN|[15]|this|Database.QueryLocatorIterator|true|false
08:25:59.3 (60242598)|VARIABLE_ASSIGNMENT|[15]|this|{}|0x7b140e
08:25:59.3 (60249630)|VARIABLE_SCOPE_BEGIN|[15]|values|List<SObject>|true|false
08:25:59.3 (60268575)|VARIABLE_ASSIGNMENT|[15]|values|"List of size 6 too large to display"|0x3f4f7f5f
08:25:59.3 (60273741)|VARIABLE_SCOPE_BEGIN|[15]|ql|Database.QueryLocator|true|false
08:25:59.3 (60299899)|VARIABLE_ASSIGNMENT|[15]|ql|{"query":"SELECT id, Value__c, (107 more) ..."}|0x5bebd11
08:25:59.3 (60305603)|VARIABLE_SCOPE_BEGIN|[15]|totalNumRecords|Integer|false|false
08:25:59.3 (60314392)|VARIABLE_ASSIGNMENT|[15]|totalNumRecords|6
08:25:59.3 (60319063)|VARIABLE_SCOPE_BEGIN|[15]|queryMoreSize|Integer|false|false
08:25:59.3 (60325961)|VARIABLE_ASSIGNMENT|[15]|queryMoreSize|49993
08:25:59.3 (60422079)|HEAP_ALLOCATE|[8]|Bytes:28
08:25:59.3 (60442112)|METHOD_ENTRY|[8]||Database.QueryLocatorIterator.hasNext()
08:25:59.3 (60531049)|METHOD_EXIT|[8]||Database.QueryLocatorIterator.hasNext()
08:25:59.3 (60539999)|METHOD_ENTRY|[8]||Database.QueryLocatorIterator.next()
08:25:59.3 (60621636)|METHOD_EXIT|[8]||Database.QueryLocatorIterator.next()
08:25:59.3 (60630314)|VARIABLE_SCOPE_BEGIN|[8]|c|Cultivist_Config__mdt|true|false
08:25:59.3 (60653571)|VARIABLE_ASSIGNMENT|[8]|c|{"Id":"m0Aq00000008QN7EAM","Value__c":"https://cultivist.gr (33 more) ...","MasterLabel":"refreshurl","DeveloperName":"refreshurl"}|0x49e1e390
08:25:59.3 (60660793)|STATEMENT_EXECUTE|[8]
08:25:59.3 (60663357)|STATEMENT_EXECUTE|[9]
08:25:59.3 (60731915)|HEAP_ALLOCATE|[EXTERNAL]|Bytes:-4
08:25:59.3 (60747812)|METHOD_ENTRY|[8]||Database.QueryLocatorIterator.hasNext()
08:25:59.3 (60776559)|METHOD_EXIT|[8]||Database.QueryLocatorIterator.hasNext()
08:25:59.3 (60782795)|METHOD_ENTRY|[8]||Database.QueryLocatorIterator.next()
08:25:59.3 (60831800)|METHOD_EXIT|[8]||Database.QueryLocatorIterator.next()
08:25:59.3 (60838245)|VARIABLE_SCOPE_BEGIN|[8]|c|Cultivist_Config__mdt|true|false
08:25:59.3 (60860472)|VARIABLE_ASSIGNMENT|[8]|c|{"Id":"m0Aq00000008QRiEAM","Value__c":"https://cultivist.gr (24 more) ...","MasterLabel":"userurl","DeveloperName":"userurl"}|0xd10d874
08:25:59.3 (60870632)|STATEMENT_EXECUTE|[8]
08:25:59.3 (60873365)|STATEMENT_EXECUTE|[9]
08:25:59.3 (60899958)|HEAP_ALLOCATE|[EXTERNAL]|Bytes:-4
08:25:59.3 (60909706)|METHOD_ENTRY|[8]||Database.QueryLocatorIterator.hasNext()
08:25:59.3 (60926700)|METHOD_EXIT|[8]||Database.QueryLocatorIterator.hasNext()
08:25:59.3 (60931382)|METHOD_ENTRY|[8]||Database.QueryLocatorIterator.next()
08:25:59.3 (60973930)|METHOD_EXIT|[8]||Database.QueryLocatorIterator.next()
08:25:59.3 (60979942)|VARIABLE_SCOPE_BEGIN|[8]|c|Cultivist_Config__mdt|true|false
08:25:59.3 (60997823)|VARIABLE_ASSIGNMENT|[8]|c|{"Id":"m0Aq00000008QNHEA2","Value__c":"LQN4bGuHn6W9QyzU5Jbh (4 more) ...","MasterLabel":"password","DeveloperName":"password"}|0x7d36baf2
08:25:59.3 (61004564)|STATEMENT_EXECUTE|[8]
08:25:59.3 (61006983)|STATEMENT_EXECUTE|[9]
08:25:59.3 (61023180)|HEAP_ALLOCATE|[EXTERNAL]|Bytes:-4
08:25:59.3 (61030601)|METHOD_ENTRY|[8]||Database.QueryLocatorIterator.hasNext()
08:25:59.3 (61045998)|METHOD_EXIT|[8]||Database.QueryLocatorIterator.hasNext()
08:25:59.3 (61050156)|METHOD_ENTRY|[8]||Database.QueryLocatorIterator.next()
08:25:59.3 (61090038)|METHOD_EXIT|[8]||Database.QueryLocatorIterator.next()
08:25:59.3 (61095583)|VARIABLE_SCOPE_BEGIN|[8]|c|Cultivist_Config__mdt|true|false
08:25:59.3 (61115214)|VARIABLE_ASSIGNMENT|[8]|c|{"Id":"m0Aq00000008QMxEAM","Value__c":"https://cultivist.gr (31 more) ...","MasterLabel":"logintokenurl","DeveloperName":"logintokenurl"}|0x7ea1cf6c
08:25:59.3 (61126025)|STATEMENT_EXECUTE|[8]
08:25:59.3 (61128613)|STATEMENT_EXECUTE|[9]
08:25:59.3 (61148643)|HEAP_ALLOCATE|[EXTERNAL]|Bytes:-4
08:25:59.3 (61156779)|METHOD_ENTRY|[8]||Database.QueryLocatorIterator.hasNext()
08:25:59.3 (61172528)|METHOD_EXIT|[8]||Database.QueryLocatorIterator.hasNext()
08:25:59.3 (61176757)|METHOD_ENTRY|[8]||Database.QueryLocatorIterator.next()
08:25:59.3 (61221621)|METHOD_EXIT|[8]||Database.QueryLocatorIterator.next()
08:25:59.3 (61231396)|VARIABLE_SCOPE_BEGIN|[8]|c|Cultivist_Config__mdt|true|false
08:25:59.3 (61252300)|VARIABLE_ASSIGNMENT|[8]|c|{"Id":"m0Aq00000008QNCEA2","Value__c":"sf@sf.sf","MasterLabel":"email","DeveloperName":"email"}|0x381a5e4b
08:25:59.3 (61259182)|STATEMENT_EXECUTE|[8]
08:25:59.3 (61261113)|STATEMENT_EXECUTE|[9]
08:25:59.3 (61277169)|HEAP_ALLOCATE|[EXTERNAL]|Bytes:-4
08:25:59.3 (61284971)|METHOD_ENTRY|[8]||Database.QueryLocatorIterator.hasNext()
08:25:59.3 (61300801)|METHOD_EXIT|[8]||Database.QueryLocatorIterator.hasNext()
08:25:59.3 (61305198)|METHOD_ENTRY|[8]||Database.QueryLocatorIterator.next()
08:25:59.3 (61346500)|METHOD_EXIT|[8]||Database.QueryLocatorIterator.next()
08:25:59.3 (61352212)|VARIABLE_SCOPE_BEGIN|[8]|c|Cultivist_Config__mdt|true|false
08:25:59.3 (61369664)|VARIABLE_ASSIGNMENT|[8]|c|{"Id":"m0Aq00000008QNMEA2","Value__c":"https://cultivist.gr (27 more) ...","MasterLabel":"bookingurl","DeveloperName":"bookingurl"}|0x3342f244
08:25:59.3 (61376178)|STATEMENT_EXECUTE|[8]
08:25:59.3 (61377883)|STATEMENT_EXECUTE|[9]
08:25:59.3 (61391434)|HEAP_ALLOCATE|[EXTERNAL]|Bytes:-4
08:25:59.3 (61399184)|METHOD_ENTRY|[8]||Database.QueryLocatorIterator.hasNext()
08:25:59.3 (61410324)|METHOD_EXIT|[8]||Database.QueryLocatorIterator.hasNext()
08:25:59.3 (61417210)|VARIABLE_ASSIGNMENT|[8]|c|null|
08:25:59.3 (61441363)|METHOD_EXIT|[46]|01pq0000000bZIo|cultivistAPI.fnFillURL()
08:25:59.3 (61446448)|STATEMENT_EXECUTE|[47]
08:25:59.3 (61456684)|METHOD_ENTRY|[47]|01pq0000000bZIo|cultivistAPI.getToken()
08:25:59.3 (61490074)|HEAP_ALLOCATE|[33]|Bytes:5
08:25:59.3 (61495840)|STATEMENT_EXECUTE|[32]
08:25:59.3 (61497667)|STATEMENT_EXECUTE|[33]
08:25:59.3 (61511533)|HEAP_ALLOCATE|[33]|Bytes:13
08:25:59.3 (61524967)|VARIABLE_SCOPE_BEGIN|[33]|reqUrl|String|false|false
08:25:59.3 (61537166)|VARIABLE_ASSIGNMENT|[33]|reqUrl|"https://cultivist.gr (31 more) ..."
08:25:59.3 (61541294)|STATEMENT_EXECUTE|[34]
08:25:59.3 (61544185)|HEAP_ALLOCATE|[34]|Bytes:6
08:25:59.3 (61557202)|HEAP_ALLOCATE|[34]|Bytes:5
08:25:59.3 (61566730)|HEAP_ALLOCATE|[34]|Bytes:5
08:25:59.3 (61604383)|HEAP_ALLOCATE|[34]|Bytes:15
08:25:59.3 (61616139)|SYSTEM_METHOD_ENTRY|[1]|EncodingUtil.EncodingUtil()
08:25:59.3 (61620048)|STATEMENT_EXECUTE|[1]
08:25:59.3 (61624809)|SYSTEM_METHOD_EXIT|[1]|EncodingUtil
08:25:59.3 (61635795)|METHOD_ENTRY|[34]||System.EncodingUtil.urlEncode(String, String)
08:25:59.3 (61697702)|METHOD_EXIT|[34]||System.EncodingUtil.urlEncode(String, String)
08:25:59.3 (61706321)|HEAP_ALLOCATE|[34]|Bytes:10
08:25:59.3 (61721203)|HEAP_ALLOCATE|[34]|Bytes:8
08:25:59.3 (61735914)|METHOD_ENTRY|[34]||System.EncodingUtil.urlEncode(String, String)
08:25:59.3 (61757420)|METHOD_EXIT|[34]||System.EncodingUtil.urlEncode(String, String)
08:25:59.3 (61770690)|HEAP_ALLOCATE|[34]|Bytes:50
08:25:59.3 (61775722)|VARIABLE_SCOPE_BEGIN|[34]|strbody|String|false|false
08:25:59.3 (61788100)|VARIABLE_ASSIGNMENT|[34]|strbody|"email=sf%40sf.sf&pas (30 more) ..."
08:25:59.3 (61792938)|STATEMENT_EXECUTE|[35]
08:25:59.3 (61795761)|HEAP_ALLOCATE|[35]|Bytes:4
08:25:59.3 (61809640)|METHOD_ENTRY|[35]|01pq0000000bZIo|cultivistAPI.cultivistAPICallout(String, String, String, String)
08:25:59.3 (61837736)|VARIABLE_SCOPE_BEGIN|[14]|reqUrl|String|false|false
08:25:59.3 (61849527)|VARIABLE_ASSIGNMENT|[14]|reqUrl|"https://cultivist.gr (31 more) ..."
08:25:59.3 (61853782)|VARIABLE_SCOPE_BEGIN|[14]|strMethod|String|false|false
08:25:59.3 (61862034)|VARIABLE_ASSIGNMENT|[14]|strMethod|"POST"
08:25:59.3 (61866226)|VARIABLE_SCOPE_BEGIN|[14]|strBody|String|false|false
08:25:59.3 (61874587)|VARIABLE_ASSIGNMENT|[14]|strBody|"email=sf%40sf.sf&pas (30 more) ..."
08:25:59.3 (61878299)|VARIABLE_SCOPE_BEGIN|[14]|token|String|false|false
08:25:59.3 (61885262)|VARIABLE_ASSIGNMENT|[14]|token|""
08:25:59.3 (61896522)|HEAP_ALLOCATE|[15]|Bytes:5
08:25:59.3 (61900910)|STATEMENT_EXECUTE|[14]
08:25:59.3 (61902751)|STATEMENT_EXECUTE|[15]
08:25:59.3 (61924842)|VARIABLE_SCOPE_BEGIN|[15]|h|System.Http|true|false
08:25:59.3 (62180623)|VARIABLE_ASSIGNMENT|[15]|h|"System.Http[]"|0x626e257e
08:25:59.3 (62189493)|STATEMENT_EXECUTE|[16]
08:25:59.3 (62208922)|VARIABLE_SCOPE_BEGIN|[16]|request|System.HttpRequest|true|false
08:25:59.3 (62271615)|VARIABLE_ASSIGNMENT|[16]|request|"System.HttpRequest[Endpoint=null, Method=null]"|0xc394768
08:25:59.3 (62279400)|STATEMENT_EXECUTE|[17]
08:25:59.3 (62326209)|STATEMENT_EXECUTE|[18]
08:25:59.3 (62344513)|STATEMENT_EXECUTE|[19]
08:25:59.3 (62349038)|HEAP_ALLOCATE|[19]|Bytes:6
08:25:59.3 (62355001)|HEAP_ALLOCATE|[19]|Bytes:16
08:25:59.3 (62421918)|STATEMENT_EXECUTE|[24]
08:25:59.3 (62424102)|STATEMENT_EXECUTE|[25]
08:25:59.3 (62427046)|HEAP_ALLOCATE|[25]|Bytes:12
08:25:59.3 (62432001)|HEAP_ALLOCATE|[25]|Bytes:33
08:25:59.3 (62452910)|STATEMENT_EXECUTE|[27]
08:25:59.3 (62502889)|STATEMENT_EXECUTE|[28]
08:25:59.3 (62583993)|CALLOUT_REQUEST|[28]|System.HttpRequest[Endpoint=https://cultivist.grt-team.com/api/salesforce/login, Method=POST]
08:26:00.64 (1064422353)|HEAP_ALLOCATE|[EXTERNAL]|Bytes:653
08:26:00.64 (1064679623)|CALLOUT_RESPONSE|[28]|System.HttpResponse[Status=OK, StatusCode=200]
08:26:00.64 (1064707704)|HEAP_ALLOCATE|[28]|Bytes:412
08:26:00.64 (1064741150)|VARIABLE_SCOPE_BEGIN|[28]|response|System.HttpResponse|true|false
08:26:00.64 (1064876113)|VARIABLE_ASSIGNMENT|[28]|response|"System.HttpResponse[Status=OK, StatusCode=200]"|0x7d7d1386
08:26:00.64 (1064890421)|STATEMENT_EXECUTE|[29]
08:26:00.64 (1064918611)|METHOD_EXIT|[35]|01pq0000000bZIo|cultivistAPI.cultivistAPICallout(String, String, String, String)
08:26:00.64 (1064932401)|VARIABLE_SCOPE_BEGIN|[35]|response|System.HttpResponse|true|false
08:26:00.64 (1065010013)|VARIABLE_ASSIGNMENT|[35]|response|"System.HttpResponse[Status=OK, StatusCode=200]"|0x7d7d1386
08:26:00.64 (1065093832)|STATEMENT_EXECUTE|[36]
08:26:00.64 (1065097377)|STATEMENT_EXECUTE|[37]
08:26:00.64 (1065154756)|HEAP_ALLOCATE|[37]|Bytes:406
08:26:00.64 (1065260550)|HEAP_ALLOCATE|[37]|Bytes:24
08:26:00.64 (1065284302)|SYSTEM_METHOD_ENTRY|[1]|JSON.JSON()
08:26:00.64 (1065290548)|STATEMENT_EXECUTE|[1]
08:26:00.64 (1065301284)|SYSTEM_METHOD_EXIT|[1]|JSON
08:26:00.64 (1065329292)|METHOD_ENTRY|[37]||System.JSON.deserializeUntyped(String)
08:26:00.64 (1065798639)|METHOD_EXIT|[37]||System.JSON.deserializeUntyped(String)
08:26:00.64 (1065814867)|VARIABLE_SCOPE_BEGIN|[37]|m|Map<String,ANY>|true|false
08:26:00.64 (1065865296)|VARIABLE_ASSIGNMENT|[37]|m|{"access_token":"eyJ0eXAiOiJKV1QiLCJh (327 more) ...","token_type":"bearer","expires_in":3600}|0x676a26ba
08:26:00.64 (1065877501)|HEAP_ALLOCATE|[38]|Bytes:12
08:26:00.64 (1065931763)|STATEMENT_EXECUTE|[38]
08:26:00.64 (1065935724)|STATEMENT_EXECUTE|[39]
08:26:00.64 (1065974659)|METHOD_EXIT|[47]|01pq0000000bZIo|cultivistAPI.getToken()
08:26:00.64 (1066014669)|VARIABLE_ASSIGNMENT|[EXTERNAL]|value|"eyJ0eXAiOiJKV1QiLCJh (327 more) ..."
08:26:00.64 (1066033270)|VARIABLE_ASSIGNMENT|[3]|cultivistAPI.strtoken|"eyJ0eXAiOiJKV1QiLCJh (327 more) ..."
08:26:00.64 (1066045653)|METHOD_EXIT|[110]|01pq0000000bZIo|cultivistAPI.setToken()
08:26:00.64 (1066050927)|STATEMENT_EXECUTE|[111]
08:26:00.64 (1066072727)|HEAP_ALLOCATE|[111]|Bytes:7
08:26:00.64 (1066088658)|VARIABLE_SCOPE_BEGIN|[111]|reqUrl|String|false|false
08:26:00.64 (1066101098)|VARIABLE_ASSIGNMENT|[111]|reqUrl|"https://cultivist.gr (24 more) ..."
08:26:00.64 (1066105354)|STATEMENT_EXECUTE|[112]
08:26:00.64 (1066108089)|HEAP_ALLOCATE|[112]|Bytes:4
08:26:00.64 (1066112072)|HEAP_ALLOCATE|[112]|Bytes:1
08:26:00.64 (1066166316)|HEAP_ALLOCATE|[112]|Bytes:41
08:26:00.64 (1066186403)|VARIABLE_ASSIGNMENT|[112]|reqUrl|"https://cultivist.gr (21 more) ..."
08:26:00.64 (1066191428)|STATEMENT_EXECUTE|[113]
08:26:00.64 (1066194120)|HEAP_ALLOCATE|[113]|Bytes:1
08:26:00.64 (1066198619)|VARIABLE_SCOPE_BEGIN|[113]|strbody|String|false|false
08:26:00.64 (1066206633)|VARIABLE_ASSIGNMENT|[113]|strbody|"{"
08:26:00.64 (1066210224)|STATEMENT_EXECUTE|[114]
08:26:00.64 (1066212738)|HEAP_ALLOCATE|[114]|Bytes:9
08:26:00.64 (1066261657)|HEAP_ALLOCATE|[114]|Bytes:2
08:26:00.64 (1066276191)|HEAP_ALLOCATE|[114]|Bytes:21
08:26:00.64 (1066284001)|HEAP_ALLOCATE|[114]|Bytes:22
08:26:00.64 (1066292864)|VARIABLE_ASSIGNMENT|[114]|strbody|"{\"Name\": \"Rahul Test (2 more) ..."
08:26:00.64 (1066344312)|STATEMENT_EXECUTE|[117]
08:26:00.64 (1066347921)|HEAP_ALLOCATE|[117]|Bytes:24
08:26:00.64 (1066358444)|HEAP_ALLOCATE|[117]|Bytes:104
08:26:00.64 (1066363772)|HEAP_ALLOCATE|[117]|Bytes:126
08:26:00.64 (1066372295)|VARIABLE_ASSIGNMENT|[117]|strbody|"{\"Name\": \"Rahul Test (106 more) ..."
08:26:00.64 (1066414528)|STATEMENT_EXECUTE|[119]
08:26:00.64 (1066418146)|HEAP_ALLOCATE|[119]|Bytes:10
08:26:00.64 (1066426660)|HEAP_ALLOCATE|[119]|Bytes:26
08:26:00.64 (1066431510)|HEAP_ALLOCATE|[119]|Bytes:152
08:26:00.64 (1066439944)|VARIABLE_ASSIGNMENT|[119]|strbody|"{\"Name\": \"Rahul Test (132 more) ..."
08:26:00.64 (1066444288)|STATEMENT_EXECUTE|[121]
08:26:00.64 (1066446702)|HEAP_ALLOCATE|[121]|Bytes:15
08:26:00.64 (1066451525)|HEAP_ALLOCATE|[121]|Bytes:167
08:26:00.64 (1066457754)|VARIABLE_ASSIGNMENT|[121]|strbody|"{\"Name\": \"Rahul Test (147 more) ..."
08:26:00.64 (1066469077)|STATEMENT_EXECUTE|[122]
08:26:00.64 (1066472579)|HEAP_ALLOCATE|[122]|Bytes:9
08:26:00.64 (1066501125)|HEAP_ALLOCATE|[122]|Bytes:22
08:26:00.64 (1066509344)|HEAP_ALLOCATE|[122]|Bytes:189
08:26:00.64 (1066519505)|VARIABLE_ASSIGNMENT|[122]|strbody|"{\"Name\": \"Rahul Test (169 more) ..."
08:26:00.64 (1066539535)|STATEMENT_EXECUTE|[124]
08:26:00.64 (1066542689)|HEAP_ALLOCATE|[124]|Bytes:17
08:26:00.64 (1066563440)|METHOD_ENTRY|[124]|01pq0000000bZIo|cultivistAPI.formatDate(Date)
08:26:00.64 (1066581292)|VARIABLE_SCOPE_BEGIN|[183]|d|Date|false|false
08:26:00.64 (1066605220)|VARIABLE_ASSIGNMENT|[183]|d|"2019-01-01T00:00:00.000Z"
08:26:00.64 (1066617676)|HEAP_ALLOCATE|[184]|Bytes:5
08:26:00.64 (1066622262)|STATEMENT_EXECUTE|[183]
08:26:00.64 (1066624106)|STATEMENT_EXECUTE|[184]
08:26:00.64 (1066709572)|HEAP_ALLOCATE|[184]|Bytes:56
08:26:00.64 (1066718059)|HEAP_ALLOCATE|[184]|Bytes:10
08:26:00.64 (1066743162)|HEAP_ALLOCATE|[184]|Bytes:10
08:26:00.64 (1066754858)|METHOD_EXIT|[124]|01pq0000000bZIo|cultivistAPI.formatDate(Date)
08:26:00.64 (1066766558)|METHOD_ENTRY|[124]||System.EncodingUtil.urlEncode(String, String)
08:26:00.64 (1066794148)|METHOD_EXIT|[124]||System.EncodingUtil.urlEncode(String, String)
08:26:00.64 (1066800759)|HEAP_ALLOCATE|[124]|Bytes:29
08:26:00.64 (1066806101)|HEAP_ALLOCATE|[124]|Bytes:218
08:26:00.64 (1066814700)|VARIABLE_ASSIGNMENT|[124]|strbody|"{\"Name\": \"Rahul Test (198 more) ..."
08:26:00.64 (1066839022)|STATEMENT_EXECUTE|[126]
08:26:00.64 (1066842614)|HEAP_ALLOCATE|[126]|Bytes:16
08:26:00.64 (1066851995)|METHOD_ENTRY|[126]|01pq0000000bZIo|cultivistAPI.formatDate(Date)
08:26:00.64 (1066864089)|VARIABLE_SCOPE_BEGIN|[183]|d|Date|false|false
08:26:00.64 (1066877946)|VARIABLE_ASSIGNMENT|[183]|d|"2022-01-05T00:00:00.000Z"
08:26:00.64 (1066887397)|HEAP_ALLOCATE|[184]|Bytes:5
08:26:00.64 (1066890959)|STATEMENT_EXECUTE|[183]
08:26:00.64 (1066892720)|STATEMENT_EXECUTE|[184]
08:26:00.64 (1066922469)|HEAP_ALLOCATE|[184]|Bytes:56
08:26:00.64 (1066937974)|HEAP_ALLOCATE|[184]|Bytes:10
08:26:00.64 (1066947686)|METHOD_EXIT|[126]|01pq0000000bZIo|cultivistAPI.formatDate(Date)
08:26:00.64 (1066955621)|METHOD_ENTRY|[126]||System.EncodingUtil.urlEncode(String, String)
08:26:00.64 (1066977031)|METHOD_EXIT|[126]||System.EncodingUtil.urlEncode(String, String)
08:26:00.64 (1066983024)|HEAP_ALLOCATE|[126]|Bytes:28
08:26:00.64 (1066987813)|HEAP_ALLOCATE|[126]|Bytes:246
08:26:00.64 (1066996442)|VARIABLE_ASSIGNMENT|[126]|strbody|"{\"Name\": \"Rahul Test (226 more) ..."
08:26:00.64 (1067016638)|STATEMENT_EXECUTE|[128]
08:26:00.64 (1067020768)|HEAP_ALLOCATE|[128]|Bytes:16
08:26:00.64 (1067029692)|METHOD_ENTRY|[128]|01pq0000000bZIo|cultivistAPI.formatDate(Date)
08:26:00.64 (1067042943)|VARIABLE_SCOPE_BEGIN|[183]|d|Date|false|false
08:26:00.64 (1067056003)|VARIABLE_ASSIGNMENT|[183]|d|"2023-01-18T00:00:00.000Z"
08:26:00.64 (1067065149)|HEAP_ALLOCATE|[184]|Bytes:5
08:26:00.64 (1067069561)|STATEMENT_EXECUTE|[183]
08:26:00.64 (1067071522)|STATEMENT_EXECUTE|[184]
08:26:00.64 (1067100055)|HEAP_ALLOCATE|[184]|Bytes:56
08:26:00.64 (1067114443)|HEAP_ALLOCATE|[184]|Bytes:10
08:26:00.64 (1067124404)|METHOD_EXIT|[128]|01pq0000000bZIo|cultivistAPI.formatDate(Date)
08:26:00.64 (1067132014)|METHOD_ENTRY|[128]||System.EncodingUtil.urlEncode(String, String)
08:26:00.64 (1067151076)|METHOD_EXIT|[128]||System.EncodingUtil.urlEncode(String, String)
08:26:00.64 (1067157198)|HEAP_ALLOCATE|[128]|Bytes:28
08:26:00.64 (1067162503)|HEAP_ALLOCATE|[128]|Bytes:274
08:26:00.64 (1067170509)|VARIABLE_ASSIGNMENT|[128]|strbody|"{\"Name\": \"Rahul Test (254 more) ..."
08:26:00.64 (1067175200)|STATEMENT_EXECUTE|[130]
08:26:00.64 (1067177861)|HEAP_ALLOCATE|[130]|Bytes:1
08:26:00.64 (1067209242)|HEAP_ALLOCATE|[130]|Bytes:273
08:26:00.64 (1067223164)|VARIABLE_ASSIGNMENT|[130]|strbody|"{\"Name\": \"Rahul Test (253 more) ..."
08:26:00.64 (1067227276)|STATEMENT_EXECUTE|[132]
08:26:00.64 (1067230531)|HEAP_ALLOCATE|[132]|Bytes:2
08:26:00.64 (1067235592)|HEAP_ALLOCATE|[132]|Bytes:275
08:26:00.64 (1067241861)|VARIABLE_ASSIGNMENT|[132]|strbody|"{\"Name\": \"Rahul Test (255 more) ..."
08:26:00.64 (1067245544)|STATEMENT_EXECUTE|[134]
08:26:00.64 (1067248263)|HEAP_ALLOCATE|[134]|Bytes:12
08:26:00.64 (1067252509)|HEAP_ALLOCATE|[134]|Bytes:287
08:26:00.64 (1067259319)|VARIABLE_ASSIGNMENT|[134]|strbody|"{\"Name\": \"Rahul Test (267 more) ..."
08:26:00.64 (1067305647)|STATEMENT_EXECUTE|[136]
08:26:00.64 (1067309483)|HEAP_ALLOCATE|[136]|Bytes:19
08:26:00.64 (1067322184)|HEAP_ALLOCATE|[136]|Bytes:41
08:26:00.64 (1067327567)|HEAP_ALLOCATE|[136]|Bytes:328
08:26:00.64 (1067335659)|VARIABLE_ASSIGNMENT|[136]|strbody|"{\"Name\": \"Rahul Test (308 more) ..."
08:26:00.64 (1067340424)|STATEMENT_EXECUTE|[138]
08:26:00.64 (1067342838)|HEAP_ALLOCATE|[138]|Bytes:19
08:26:00.64 (1067349958)|HEAP_ALLOCATE|[138]|Bytes:41
08:26:00.64 (1067354227)|HEAP_ALLOCATE|[138]|Bytes:369
08:26:00.64 (1067360611)|VARIABLE_ASSIGNMENT|[138]|strbody|"{\"Name\": \"Rahul Test (349 more) ..."
08:26:00.64 (1067397149)|STATEMENT_EXECUTE|[140]
08:26:00.64 (1067400979)|HEAP_ALLOCATE|[140]|Bytes:9
08:26:00.64 (1067409407)|HEAP_ALLOCATE|[140]|Bytes:21
08:26:00.64 (1067414658)|HEAP_ALLOCATE|[140]|Bytes:390
08:26:00.64 (1067422047)|VARIABLE_ASSIGNMENT|[140]|strbody|"{\"Name\": \"Rahul Test (370 more) ..."
08:26:00.64 (1067456639)|STATEMENT_EXECUTE|[142]
08:26:00.64 (1067466084)|HEAP_ALLOCATE|[142]|Bytes:10
08:26:00.64 (1067478150)|HEAP_ALLOCATE|[142]|Bytes:14
08:26:00.64 (1067485468)|HEAP_ALLOCATE|[142]|Bytes:404
08:26:00.64 (1067494003)|VARIABLE_ASSIGNMENT|[142]|strbody|"{\"Name\": \"Rahul Test (384 more) ..."
08:26:00.64 (1067529047)|STATEMENT_EXECUTE|[144]
08:26:00.64 (1067532767)|HEAP_ALLOCATE|[144]|Bytes:14
08:26:00.64 (1067541662)|HEAP_ALLOCATE|[144]|Bytes:21
08:26:00.64 (1067546495)|HEAP_ALLOCATE|[144]|Bytes:425
08:26:00.64 (1067553835)|VARIABLE_ASSIGNMENT|[144]|strbody|"{\"Name\": \"Rahul Test (405 more) ..."
08:26:00.64 (1067587351)|STATEMENT_EXECUTE|[146]
08:26:00.64 (1067590833)|HEAP_ALLOCATE|[146]|Bytes:12
08:26:00.64 (1067599224)|HEAP_ALLOCATE|[146]|Bytes:16
08:26:00.64 (1067603845)|HEAP_ALLOCATE|[146]|Bytes:441
08:26:00.64 (1067611229)|VARIABLE_ASSIGNMENT|[146]|strbody|"{\"Name\": \"Rahul Test (421 more) ..."
08:26:00.64 (1067615882)|STATEMENT_EXECUTE|[147]
08:26:00.64 (1067629612)|HEAP_ALLOCATE|[147]|Bytes:440
08:26:00.64 (1067641774)|VARIABLE_ASSIGNMENT|[147]|strbody|"{\"Name\": \"Rahul Test (420 more) ..."
08:26:00.64 (1067646132)|STATEMENT_EXECUTE|[148]
08:26:00.64 (1067650122)|HEAP_ALLOCATE|[148]|Bytes:442
08:26:00.64 (1067656841)|VARIABLE_ASSIGNMENT|[148]|strbody|"{\"Name\": \"Rahul Test (422 more) ..."
08:26:00.64 (1067660428)|STATEMENT_EXECUTE|[150]
08:26:00.64 (1067662705)|HEAP_ALLOCATE|[150]|Bytes:12
08:26:00.64 (1067666813)|HEAP_ALLOCATE|[150]|Bytes:454
08:26:00.64 (1067672923)|VARIABLE_ASSIGNMENT|[150]|strbody|"{\"Name\": \"Rahul Test (434 more) ..."
08:26:00.64 (1067677277)|STATEMENT_EXECUTE|[151]
08:26:00.64 (1067752174)|HEAP_ALLOCATE|[151]|Bytes:18
08:26:00.64 (1067759001)|HEAP_ALLOCATE|[151]|Bytes:472
08:26:00.64 (1067767482)|VARIABLE_ASSIGNMENT|[151]|strbody|"{\"Name\": \"Rahul Test (452 more) ..."
08:26:00.64 (1067772604)|STATEMENT_EXECUTE|[152]
08:26:00.64 (1067775369)|HEAP_ALLOCATE|[152]|Bytes:10
08:26:00.64 (1067794749)|HEAP_ALLOCATE|[152]|Bytes:35
08:26:00.64 (1067800644)|HEAP_ALLOCATE|[152]|Bytes:507
08:26:00.64 (1067807887)|VARIABLE_ASSIGNMENT|[152]|strbody|"{\"Name\": \"Rahul Test (487 more) ..."
08:26:00.64 (1067822630)|STATEMENT_EXECUTE|[154]
08:26:00.64 (1067829744)|HEAP_ALLOCATE|[154]|Bytes:26
08:26:00.64 (1067835615)|HEAP_ALLOCATE|[154]|Bytes:533
08:26:00.64 (1069799681)|VARIABLE_ASSIGNMENT|[154]|strbody|"{\"Name\": \"Rahul Test (513 more) ..."
08:26:00.64 (1069839713)|STATEMENT_EXECUTE|[156]
08:26:00.64 (1069845460)|HEAP_ALLOCATE|[156]|Bytes:14
08:26:00.64 (1069861345)|HEAP_ALLOCATE|[156]|Bytes:90
08:26:00.64 (1069867770)|HEAP_ALLOCATE|[156]|Bytes:623
08:26:00.64 (1069877326)|VARIABLE_ASSIGNMENT|[156]|strbody|"{\"Name\": \"Rahul Test (603 more) ..."
08:26:00.64 (1069882333)|STATEMENT_EXECUTE|[157]
08:26:00.64 (1069915440)|HEAP_ALLOCATE|[157]|Bytes:622
08:26:00.64 (1069931248)|VARIABLE_ASSIGNMENT|[157]|strbody|"{\"Name\": \"Rahul Test (602 more) ..."
08:26:00.64 (1069936408)|STATEMENT_EXECUTE|[158]
08:26:00.64 (1069939124)|HEAP_ALLOCATE|[158]|Bytes:1
08:26:00.64 (1069945374)|HEAP_ALLOCATE|[158]|Bytes:623
08:26:00.64 (1069951983)|VARIABLE_ASSIGNMENT|[158]|strbody|"{\"Name\": \"Rahul Test (603 more) ..."
08:26:00.64 (1069955773)|STATEMENT_EXECUTE|[160]
08:26:00.64 (1069958886)|HEAP_ALLOCATE|[160]|Bytes:624
08:26:00.64 (1069965435)|VARIABLE_ASSIGNMENT|[160]|strbody|"{\"Name\": \"Rahul Test (604 more) ..."
08:26:00.64 (1069969263)|STATEMENT_EXECUTE|[163]
08:26:00.64 (1069971690)|HEAP_ALLOCATE|[163]|Bytes:3
08:26:00.64 (1070004479)|METHOD_ENTRY|[163]|01pq0000000bZIo|cultivistAPI.cultivistAPICallout(String, String, String, String)
08:26:00.64 (1070012651)|VARIABLE_SCOPE_BEGIN|[14]|reqUrl|String|false|false
08:26:00.64 (1070023736)|VARIABLE_ASSIGNMENT|[14]|reqUrl|"https://cultivist.gr (21 more) ..."
08:26:00.64 (1070028354)|VARIABLE_SCOPE_BEGIN|[14]|strMethod|String|false|false
08:26:00.64 (1070036216)|VARIABLE_ASSIGNMENT|[14]|strMethod|"PUT"
08:26:00.64 (1070040078)|VARIABLE_SCOPE_BEGIN|[14]|strBody|String|false|false
08:26:00.64 (1070049123)|VARIABLE_ASSIGNMENT|[14]|strBody|"{\"Name\": \"Rahul Test (604 more) ..."
08:26:00.64 (1070053391)|VARIABLE_SCOPE_BEGIN|[14]|token|String|false|false
08:26:00.64 (1070062487)|VARIABLE_ASSIGNMENT|[14]|token|"eyJ0eXAiOiJKV1QiLCJh (327 more) ..."
08:26:00.64 (1070075535)|HEAP_ALLOCATE|[15]|Bytes:5
08:26:00.64 (1070080524)|STATEMENT_EXECUTE|[14]
08:26:00.64 (1070082685)|STATEMENT_EXECUTE|[15]
08:26:00.64 (1070100109)|VARIABLE_SCOPE_BEGIN|[15]|h|System.Http|true|false
08:26:00.64 (1070176577)|VARIABLE_ASSIGNMENT|[15]|h|"System.Http[]"|0x4238687a
08:26:00.64 (1070183885)|STATEMENT_EXECUTE|[16]
08:26:00.64 (1070192976)|VARIABLE_SCOPE_BEGIN|[16]|request|System.HttpRequest|true|false
08:26:00.64 (1070240506)|VARIABLE_ASSIGNMENT|[16]|request|"System.HttpRequest[Endpoint=null, Method=null]"|0x4e3b7453
08:26:00.64 (1070247356)|STATEMENT_EXECUTE|[17]
08:26:00.64 (1070267282)|STATEMENT_EXECUTE|[18]
08:26:00.64 (1070275770)|STATEMENT_EXECUTE|[19]
08:26:00.64 (1070310834)|STATEMENT_EXECUTE|[21]
08:26:00.64 (1070312725)|STATEMENT_EXECUTE|[22]
08:26:00.64 (1070352205)|STATEMENT_EXECUTE|[23]
08:26:00.64 (1070355889)|HEAP_ALLOCATE|[23]|Bytes:13
08:26:00.64 (1070361229)|HEAP_ALLOCATE|[23]|Bytes:7
08:26:00.64 (1070367813)|HEAP_ALLOCATE|[23]|Bytes:354
08:26:00.64 (1070388001)|STATEMENT_EXECUTE|[27]
08:26:00.64 (1070406963)|STATEMENT_EXECUTE|[28]
08:26:00.64 (1070446481)|CALLOUT_REQUEST|[28]|System.HttpRequest[Endpoint=https://cultivist.grt-team.com/api/user/1, Method=PUT]
08:26:00.64 (1303290140)|HEAP_ALLOCATE|[EXTERNAL]|Bytes:1163
08:26:00.64 (1303442518)|CALLOUT_RESPONSE|[28]|System.HttpResponse[Status=OK, StatusCode=200]
08:26:00.64 (1303466411)|HEAP_ALLOCATE|[28]|Bytes:906
08:26:00.64 (1303489080)|VARIABLE_SCOPE_BEGIN|[28]|response|System.HttpResponse|true|false
08:26:00.64 (1303602507)|VARIABLE_ASSIGNMENT|[28]|response|"System.HttpResponse[Status=OK, StatusCode=200]"|0x55400420
08:26:00.64 (1303616001)|STATEMENT_EXECUTE|[29]
08:26:00.64 (1303639990)|METHOD_EXIT|[163]|01pq0000000bZIo|cultivistAPI.cultivistAPICallout(String, String, String, String)
08:26:00.64 (1303652543)|VARIABLE_SCOPE_BEGIN|[163]|response|System.HttpResponse|true|false
08:26:00.64 (1303723632)|VARIABLE_ASSIGNMENT|[163]|response|"System.HttpResponse[Status=OK, StatusCode=200]"|0x55400420
08:26:00.64 (1303731484)|STATEMENT_EXECUTE|[167]
08:26:00.64 (1303758848)|HEAP_ALLOCATE|[167]|Bytes:4
08:26:00.64 (1303912916)|VARIABLE_ASSIGNMENT|[167]|this.Id|"001q00000125VYTAA2"|0x2665bc7
08:26:00.64 (1303944411)|VARIABLE_ASSIGNMENT|[167]|this.Cultivist_API_Exception__c|""|0x2665bc7
08:26:00.64 (1303976940)|VARIABLE_SCOPE_BEGIN|[167]|objacc|Account|true|false
08:26:00.64 (1303999032)|VARIABLE_ASSIGNMENT|[167]|objacc|{"Id":"001q00000125VYTAA2","Cultivist_API_Exception__c":""}|0x2665bc7
08:26:00.64 (1304047965)|STATEMENT_EXECUTE|[168]
08:26:00.64 (1304051088)|STATEMENT_EXECUTE|[169]
08:26:00.64 (1304098550)|VARIABLE_ASSIGNMENT|[169]|this.Member_API_Executed_Successfully__c|true|0x2665bc7
08:26:00.64 (1304108917)|STATEMENT_EXECUTE|[170]
08:26:00.64 (1304184515)|HEAP_ALLOCATE|[170]|Bytes:900
08:26:00.64 (1304206858)|METHOD_ENTRY|[170]||System.JSON.deserializeUntyped(String)
08:26:00.64 (1305847469)|METHOD_EXIT|[170]||System.JSON.deserializeUntyped(String)
08:26:00.64 (1305861581)|VARIABLE_SCOPE_BEGIN|[170]|m|Map<String,ANY>|true|false
08:26:00.64 (1305905412)|VARIABLE_ASSIGNMENT|[170]|m|{"success":true,"data":{"user":"Map of size 11 too large to display"}}|0x62689743
08:26:00.64 (1305916320)|STATEMENT_EXECUTE|[171]
08:26:00.64 (1305922309)|HEAP_ALLOCATE|[171]|Bytes:10
08:26:00.64 (1306006749)|HEAP_ALLOCATE|[171]|Bytes:780
08:26:00.64 (1306026126)|HEAP_ALLOCATE|[171]|Bytes:790
08:26:00.64 (1306046080)|USER_DEBUG|[171]|DEBUG|token@@@@ {data={user={address={address_line_1=Address line number 1, address_line_2=Address line number 2, city=City name, country=Fictional Country, id=1, postal_code=123456, state=State name, user_id=1}, created_at=2019-02-01 10:05:00, email=test@test.com, id=1, liaison={email=rahul.g@kandisatech.com, id=1, name=Kandisa, phone=(562) 259-6788, photo_url=https://thecultivist--Kandisa--c.cs21.content.force.com/profilephoto/005/F, updated_at=2019-02-06 13:11:32}, liaison_id=1, membership={card_expiry=2019-05-01 12:00:00, expiry_date=2019-06-01 12:00:00, id=1, member_since=2019-06-01 12:00:00, type=0, user_id=1}, name=Rahul Test, phone=(606) 367-0387, profile_picture_url=http://magickalgraphics.com/Graphics/Miscellaneous/Flowers/Flowers/flower9.jpg, ...}}, error=null, success=true}
08:26:00.64 (1306062761)|STATEMENT_EXECUTE|[178]
08:26:00.64 (1306086544)|HEAP_ALLOCATE|[178]|Bytes:8
08:26:00.64 (1306098272)|DML_BEGIN|[178]|Op:Update|Type:Account|Rows:1
08:26:00.64 (1306145845)|HEAP_ALLOCATE|[EXTERNAL]|Bytes:8
08:26:00.352 (1352257680)|HEAP_ALLOCATE|[EXTERNAL]|Bytes:8
08:26:00.352 (1352634096)|HEAP_ALLOCATE|[EXTERNAL]|Bytes:8
08:26:00.352 (1352779437)|HEAP_ALLOCATE|[EXTERNAL]|Bytes:4
08:26:00.352 (1352794051)|VARIABLE_SCOPE_BEGIN|[1]|this|pi.LogAccountChange|true|false
08:26:00.352 (1352839990)|VARIABLE_ASSIGNMENT|[1]|this|{}|0x3b34e828
08:26:00.363 (1363006025)|CUMULATIVE_LIMIT_USAGE
08:26:00.363 (1363006025)|LIMIT_USAGE_FOR_NS|(default)|
  Number of SOQL queries: 1 out of 100
  Number of query rows: 7 out of 50000
  Number of SOSL queries: 0 out of 20
  Number of DML statements: 1 out of 150
  Number of DML rows: 1 out of 10000
  Maximum CPU time: 51 out of 10000
  Maximum heap size: 0 out of 6000000
  Number of callouts: 2 out of 100
  Number of Email Invocations: 0 out of 10
  Number of future calls: 0 out of 50
  Number of queueable jobs added to the queue: 0 out of 50
  Number of Mobile Apex push calls: 0 out of 10

08:26:00.363 (1363006025)|CUMULATIVE_LIMIT_USAGE_END

08:26:00.398 (1398981596)|HEAP_ALLOCATE|[EXTERNAL]|Bytes:8
08:26:00.398 (1399022924)|HEAP_ALLOCATE|[EXTERNAL]|Bytes:8
08:26:00.398 (1399098070)|HEAP_ALLOCATE|[EXTERNAL]|Bytes:4
08:26:00.398 (1399108531)|VARIABLE_SCOPE_BEGIN|[1]|this|pi.LogAccountChange|true|false
08:26:00.398 (1399146072)|VARIABLE_ASSIGNMENT|[1]|this|{}|0x732edd36
08:26:00.413 (1413262405)|CUMULATIVE_LIMIT_USAGE
08:26:00.413 (1413262405)|LIMIT_USAGE_FOR_NS|(default)|
  Number of SOQL queries: 1 out of 100
  Number of query rows: 7 out of 50000
  Number of SOSL queries: 0 out of 20
  Number of DML statements: 1 out of 150
  Number of DML rows: 1 out of 10000
  Maximum CPU time: 60 out of 10000
  Maximum heap size: 0 out of 6000000
  Number of callouts: 2 out of 100
  Number of Email Invocations: 0 out of 10
  Number of future calls: 0 out of 50
  Number of queueable jobs added to the queue: 0 out of 50
  Number of Mobile Apex push calls: 0 out of 10

08:26:00.413 (1413262405)|CUMULATIVE_LIMIT_USAGE_END

08:26:00.64 (1418706659)|CODE_UNIT_STARTED|[EXTERNAL]|01qq0000000DshF|AccountTrigger on Account trigger event AfterUpdate|__sfdc_trigger/AccountTrigger
08:26:00.64 (1418759788)|HEAP_ALLOCATE|[EXTERNAL]|Bytes:8
08:26:00.64 (1418771779)|HEAP_ALLOCATE|[EXTERNAL]|Bytes:8
08:26:00.64 (1418883196)|HEAP_ALLOCATE|[EXTERNAL]|Bytes:4
08:26:00.64 (1418900587)|VARIABLE_SCOPE_BEGIN|[1]|this|AccountTrigger|true|false
08:26:00.64 (1418947536)|VARIABLE_ASSIGNMENT|[1]|this|{}|0x39ce7e6
08:26:00.64 (1419021524)|HEAP_ALLOCATE|[EXTERNAL]|Bytes:4
08:26:00.64 (1419032090)|VARIABLE_SCOPE_BEGIN|[1]|this|AccountTrigger|true|false
08:26:00.64 (1419049458)|VARIABLE_ASSIGNMENT|[1]|this|{}|0x39ce7e6
08:26:00.64 (1419059591)|STATEMENT_EXECUTE|[1]
08:26:00.64 (1419081459)|STATEMENT_EXECUTE|[2]
08:26:00.64 (1419083727)|STATEMENT_EXECUTE|[3]
08:26:00.64 (1425698391)|HEAP_ALLOCATE|[3]|Bytes:4
08:26:00.64 (1425719027)|HEAP_ALLOCATE|[3]|Bytes:2
08:26:00.64 (1425749790)|METHOD_ENTRY|[1]|01pq0000000kFP3|AccountTriggerAPIHandler.AccountTriggerAPIHandler()
08:26:00.64 (1425759769)|STATEMENT_EXECUTE|[1]
08:26:00.64 (1425767358)|STATEMENT_EXECUTE|[1]
08:26:00.64 (1426335664)|SYSTEM_MODE_ENTER|false
08:26:00.64 (1426358017)|HEAP_ALLOCATE|[3]|Bytes:5
08:26:00.64 (1426370810)|SYSTEM_MODE_EXIT|false
08:26:00.64 (1426385051)|METHOD_EXIT|[1]|AccountTriggerAPIHandler
08:26:00.64 (1426435859)|METHOD_ENTRY|[3]|01pq0000000kFP3|AccountTriggerAPIHandler.APICallout(List<Account>, Map<Id,Account>, Boolean)
08:26:00.64 (1426499419)|VARIABLE_SCOPE_BEGIN|[2]|lst|List<Account>|true|false
08:26:00.64 (1471367934)|VARIABLE_ASSIGNMENT|[2]|lst|[{"Include_in_e_newsletterS__pc":false,"LastModifiedDate":"2019-02-06T13:26:01.000Z","PersonDoNotCall":false,"BillingCity":"CORNWALL","Access_Allowed__c":false,"PersonContactId":"003q000000vBYnIAAW","Industry_Profession_Tag__c":"Tech","PersonHasOptedOutOfFax":false,"CreatedById":"005q0000004fx0dAAA","Number_of_Actions_Last_90_Days__c":0,"Member_API_Executed_Successfully__c":true,"Dedicated_Member_Liaison_Name__c":"Kandisa","Last_Payment_Date__c":"2018-11-28T00:00:00.000Z","BillingPostalCode":"06753","PersonMailingCity":"FARMINGTON","PersonMailingCountry":"US","Open_Opportunity_Value__c":0.00,"PersonMailingState":"KY","Account_Record_Type_Name__c":"Member","Secondary_Team_converter__c":"Lizzie Jones","PersonMailingStreet":"4544  Reynolds Alley","IsDeleted":false,"Age_Group__c":"Under 35","Include_in_e_newsletterAA__pc":false,"Open_Opportunities__c":0,"Should_Not_Receive_Quarterly_Newsletter__pc":false,"Gender__c":"Male","CurrencyIsoCode":"USD","Include_in_e_newsletterA__pc":false,"Membership_Type__c":"Full Member","Wealth_Bracket__c":"Below $1 million","pi__Needs_Score_Synced__pc":false,"Communication_Preferences__c":"prefers phone or tex (1 more) ...","CreatedDate":"2018-11-29T10:12:43.000Z","Category_Tags__c":"edge","Add_to_next_marketing__pc":"Yes","LastName":"Test","Id":"001q00000125VYTAA2","Won_Opportunities__c":0,"Status__c":"Active (Payment Take (2 more) ...","PersonEmail":"rahul.g@kandisatech. (3 more) ...","BillingState":"CT","IsPartner":false,"MU__c":false,"Dedicated_Member_Liaison_Email__c":"rahul.g@kandisatech. (3 more) ...","Part_of_Corporate_Membership__pc":false,"Collecting_Level__c":"Not a collector","Card_Valid_Through_Date__c":"2023-01-18T00:00:00.000Z","Customer_Number__c":"9905","Salutation":"Mr.","Already_Collects_Art__c":false,"Management_Region__c":"NY","Completed_Project_Count__c":0,"OwnerId":"005q0000004fx0dAAA","Team_Converter__c":"Daisy Peat","Phone":"(606) 367-0387","RecordTypeId":"012410000005Lx1AAE","Engagement_Status__c":"New Member","PersonMailingPostalCode":"42040","Days_Since_Last_Payment__c":70,"PersonHasOptedOutOfEmail":false,"Dedicated_Member_Liaison_Phone__c":"(562) 259-6788","Part_of_Joint__c":"No","Membership_Expiry_date__c":"2022-01-05T00:00:00.000Z","IsPersonAccount":true,"Service_Alert__c":"Under Review","FirstName":"Rahul","IsCustomerPortal":false,"Open_Project_Count__c":0,"Stripe_Account__c":"test","Member_Since__c":"2019-01-01T00:00:00.000Z","Interests_Tags__c":"traditional","pi__pardot_hard_bounced__pc":false,"ISGC__c":false,"SystemModstamp":"2019-02-06T13:26:01.000Z","Membership_Number__c":"1234","Type":"Member","Engagement_Status_Override__c":false,"BillingCountry":"US","BillingStreet":"4916  Willow Oaks La (2 more) ...","Stripe_Customer_ID__c":"test1234","Profile_Picture__c":"http://magickalgraph (58 more) ...","LastModifiedById":"005q0000004fx0dAAA","Payment_Notes__c":"test payment"}]|0x741a79f9
08:26:00.64 (1471442841)|VARIABLE_SCOPE_BEGIN|[2]|Oldmap|Map<Id,Account>|true|false
08:26:00.64 (1475254726)|VARIABLE_ASSIGNMENT|[2]|Oldmap|{"001q00000125VYTAA2":{"Include_in_e_newsletterS__pc":false,"LastModifiedDate":"2019-02-06T13:11:32.000Z","PersonDoNotCall":false,"BillingCity":"CORNWALL","Access_Allowed__c":false,"PersonContactId":"003q000000vBYnIAAW","Industry_Profession_Tag__c":"Tech","PersonHasOptedOutOfFax":false,"CreatedById":"005q0000004fx0dAAA","Number_of_Actions_Last_90_Days__c":0,"Member_API_Executed_Successfully__c":true,"Dedicated_Member_Liaison_Name__c":"Kandisa","Last_Payment_Date__c":"2018-11-28T00:00:00.000Z","BillingPostalCode":"06753","PersonMailingCity":"FARMINGTON","PersonMailingCountry":"US","Open_Opportunity_Value__c":0.00,"PersonMailingState":"KY","Account_Record_Type_Name__c":"Member","Secondary_Team_converter__c":"Lizzie Jones","PersonMailingStreet":"4544  Reynolds Alley","IsDeleted":false,"Age_Group__c":"Under 35","Include_in_e_newsletterAA__pc":false,"Open_Opportunities__c":0,"Should_Not_Receive_Quarterly_Newsletter__pc":false,"Gender__c":"Male","CurrencyIsoCode":"USD","Include_in_e_newsletterA__pc":false,"Membership_Type__c":"Full Member","Wealth_Bracket__c":"Below $1 million","pi__Needs_Score_Synced__pc":false,"Communication_Preferences__c":"prefers phone or tex (1 more) ...","CreatedDate":"2018-11-29T10:12:43.000Z","Category_Tags__c":"edge","Add_to_next_marketing__pc":"Yes","LastName":"Test","Id":"001q00000125VYTAA2","Won_Opportunities__c":0,"Status__c":"Active (Payment Take (2 more) ...","PersonEmail":"rahul.g@kandisatech. (3 more) ...","BillingState":"CT","IsPartner":false,"MU__c":false,"Dedicated_Member_Liaison_Email__c":"rahul.g@kandisatech. (3 more) ...","Part_of_Corporate_Membership__pc":false,"Collecting_Level__c":"Not a collector","Card_Valid_Through_Date__c":"2023-01-18T00:00:00.000Z","Customer_Number__c":"9905","Salutation":"Mr.","Already_Collects_Art__c":false,"Management_Region__c":"NY","Completed_Project_Count__c":0,"OwnerId":"005q0000004fx0dAAA","Team_Converter__c":"Daisy Peat","Phone":"(606) 367-0387","RecordTypeId":"012410000005Lx1AAE","Engagement_Status__c":"New Member","PersonMailingPostalCode":"42040","Days_Since_Last_Payment__c":70,"PersonHasOptedOutOfEmail":false,"Dedicated_Member_Liaison_Phone__c":"(562) 259-6788","Part_of_Joint__c":"No","Membership_Expiry_date__c":"2022-01-05T00:00:00.000Z","IsPersonAccount":true,"Service_Alert__c":"Under Review","FirstName":"Rahul","IsCustomerPortal":false,"Open_Project_Count__c":0,"Stripe_Account__c":"test","Member_Since__c":"2019-01-01T00:00:00.000Z","Interests_Tags__c":"traditional","pi__pardot_hard_bounced__pc":false,"ISGC__c":false,"SystemModstamp":"2019-02-06T13:11:32.000Z","Membership_Number__c":"1234","Type":"Member","Engagement_Status_Override__c":false,"BillingCountry":"US","BillingStreet":"4916  Willow Oaks La (2 more) ...","Stripe_Customer_ID__c":"test1234","Profile_Picture__c":"http://magickalgraph (58 more) ...","LastModifiedById":"005q0000004fx0dAAA","Payment_Notes__c":"test payment"}}|0x18777e54
08:26:00.64 (1475335721)|VARIABLE_SCOPE_BEGIN|[2]|isInsert|Boolean|false|false
08:26:00.64 (1475350823)|VARIABLE_ASSIGNMENT|[2]|isInsert|false
08:26:00.64 (1476009868)|SYSTEM_MODE_ENTER|false
08:26:00.64 (1476025347)|HEAP_ALLOCATE|[4]|Bytes:5
08:26:00.64 (1476037110)|STATEMENT_EXECUTE|[2]
08:26:00.64 (1476040772)|STATEMENT_EXECUTE|[4]
08:26:00.64 (1476071890)|HEAP_ALLOCATE|[4]|Bytes:4
08:26:00.64 (1476096098)|VARIABLE_SCOPE_BEGIN|[4]|mapconfig|Map<String,Set<String>>|true|false
08:26:00.64 (1476132290)|VARIABLE_ASSIGNMENT|[4]|mapconfig|{}|0x241ab068
08:26:00.64 (1476142135)|HEAP_ALLOCATE|[5]|Bytes:146
08:26:00.64 (1476155588)|HEAP_ALLOCATE|[5]|Bytes:4
08:26:00.64 (1476495539)|SOQL_EXECUTE_BEGIN|[5]|Aggregations:0|SELECT id, Record_Type__c, Record_Type_Status__c FROM Cultivist_Config__mdt 
08:26:00.64 (1482195018)|SOQL_EXECUTE_END|[5]|Rows:0
08:26:00.64 (1482410940)|HEAP_ALLOCATE|[5]|Bytes:28
08:26:00.64 (1482445684)|HEAP_ALLOCATE|[5]|Bytes:8
08:26:00.64 (1482454742)|HEAP_ALLOCATE|[5]|Bytes:8
08:26:00.64 (1482471071)|VARIABLE_SCOPE_BEGIN|[15]|this|Database.QueryLocatorIterator|true|false
08:26:00.64 (1482546561)|VARIABLE_ASSIGNMENT|[15]|this|{}|0x239b6bc2
08:26:00.64 (1482560253)|VARIABLE_SCOPE_BEGIN|[15]|values|List<SObject>|true|false
08:26:00.64 (1482580030)|VARIABLE_ASSIGNMENT|[15]|values|null|
08:26:00.64 (1482590433)|VARIABLE_SCOPE_BEGIN|[15]|ql|Database.QueryLocator|true|false
08:26:00.64 (1482630670)|VARIABLE_ASSIGNMENT|[15]|ql|{"query":"SELECT id, Record_Ty (126 more) ..."}|0x601de7c2
08:26:00.64 (1482641468)|VARIABLE_SCOPE_BEGIN|[15]|totalNumRecords|Integer|false|false
08:26:00.64 (1482659843)|VARIABLE_ASSIGNMENT|[15]|totalNumRecords|0
08:26:00.64 (1482669622)|VARIABLE_SCOPE_BEGIN|[15]|queryMoreSize|Integer|false|false
08:26:00.64 (1482687721)|VARIABLE_ASSIGNMENT|[15]|queryMoreSize|49993
08:26:00.64 (1482796053)|HEAP_ALLOCATE|[5]|Bytes:28
08:26:00.64 (1482831210)|METHOD_ENTRY|[5]||Database.QueryLocatorIterator.hasNext()
08:26:00.64 (1482865616)|METHOD_EXIT|[5]||Database.QueryLocatorIterator.hasNext()
08:26:00.64 (1482892294)|VARIABLE_ASSIGNMENT|[5]|c|null|
08:26:00.64 (1482904927)|STATEMENT_EXECUTE|[5]
08:26:00.64 (1482926033)|STATEMENT_EXECUTE|[13]
08:26:00.64 (1482949172)|HEAP_ALLOCATE|[13]|Bytes:4
08:26:00.64 (1483022250)|VARIABLE_SCOPE_BEGIN|[13]|accountIds|Set<Id>|true|false
08:26:00.64 (1483069278)|VARIABLE_ASSIGNMENT|[13]|accountIds|[]|0x3b7e97f1
08:26:00.64 (1483155169)|HEAP_ALLOCATE|[14]|Bytes:5
08:26:00.64 (1483200191)|VARIABLE_SCOPE_BEGIN|[14]|obj|Account|true|false
08:26:00.64 (1486976168)|VARIABLE_ASSIGNMENT|[14]|obj|{"Include_in_e_newsletterS__pc":false,"LastModifiedDate":"2019-02-06T13:26:01.000Z","PersonDoNotCall":false,"BillingCity":"CORNWALL","Access_Allowed__c":false,"PersonContactId":"003q000000vBYnIAAW","Industry_Profession_Tag__c":"Tech","PersonHasOptedOutOfFax":false,"CreatedById":"005q0000004fx0dAAA","Number_of_Actions_Last_90_Days__c":0,"Member_API_Executed_Successfully__c":true,"Dedicated_Member_Liaison_Name__c":"Kandisa","Last_Payment_Date__c":"2018-11-28T00:00:00.000Z","BillingPostalCode":"06753","PersonMailingCity":"FARMINGTON","PersonMailingCountry":"US","Open_Opportunity_Value__c":0.00,"PersonMailingState":"KY","Account_Record_Type_Name__c":"Member","Secondary_Team_converter__c":"Lizzie Jones","PersonMailingStreet":"4544  Reynolds Alley","IsDeleted":false,"Age_Group__c":"Under 35","Include_in_e_newsletterAA__pc":false,"Open_Opportunities__c":0,"Should_Not_Receive_Quarterly_Newsletter__pc":false,"Gender__c":"Male","CurrencyIsoCode":"USD","Include_in_e_newsletterA__pc":false,"Membership_Type__c":"Full Member","Wealth_Bracket__c":"Below $1 million","pi__Needs_Score_Synced__pc":false,"Communication_Preferences__c":"prefers phone or tex (1 more) ...","CreatedDate":"2018-11-29T10:12:43.000Z","Category_Tags__c":"edge","Add_to_next_marketing__pc":"Yes","LastName":"Test","Id":"001q00000125VYTAA2","Won_Opportunities__c":0,"Status__c":"Active (Payment Take (2 more) ...","PersonEmail":"rahul.g@kandisatech. (3 more) ...","BillingState":"CT","IsPartner":false,"MU__c":false,"Dedicated_Member_Liaison_Email__c":"rahul.g@kandisatech. (3 more) ...","Part_of_Corporate_Membership__pc":false,"Collecting_Level__c":"Not a collector","Card_Valid_Through_Date__c":"2023-01-18T00:00:00.000Z","Customer_Number__c":"9905","Salutation":"Mr.","Already_Collects_Art__c":false,"Management_Region__c":"NY","Completed_Project_Count__c":0,"OwnerId":"005q0000004fx0dAAA","Team_Converter__c":"Daisy Peat","Phone":"(606) 367-0387","RecordTypeId":"012410000005Lx1AAE","Engagement_Status__c":"New Member","PersonMailingPostalCode":"42040","Days_Since_Last_Payment__c":70,"PersonHasOptedOutOfEmail":false,"Dedicated_Member_Liaison_Phone__c":"(562) 259-6788","Part_of_Joint__c":"No","Membership_Expiry_date__c":"2022-01-05T00:00:00.000Z","IsPersonAccount":true,"Service_Alert__c":"Under Review","FirstName":"Rahul","IsCustomerPortal":false,"Open_Project_Count__c":0,"Stripe_Account__c":"test","Member_Since__c":"2019-01-01T00:00:00.000Z","Interests_Tags__c":"traditional","pi__pardot_hard_bounced__pc":false,"ISGC__c":false,"SystemModstamp":"2019-02-06T13:26:01.000Z","Membership_Number__c":"1234","Type":"Member","Engagement_Status_Override__c":false,"BillingCountry":"US","BillingStreet":"4916  Willow Oaks La (2 more) ...","Stripe_Customer_ID__c":"test1234","Profile_Picture__c":"http://magickalgraph (58 more) ...","LastModifiedById":"005q0000004fx0dAAA","Payment_Notes__c":"test payment"}|0x7337fde8
08:26:00.64 (1487020667)|STATEMENT_EXECUTE|[14]
08:26:00.64 (1488209573)|STATEMENT_EXECUTE|[17]
08:26:00.64 (1488228635)|HEAP_ALLOCATE|[14]|Bytes:5
08:26:00.64 (1488256436)|VARIABLE_ASSIGNMENT|[14]|obj|null|
08:26:00.64 (1488266516)|STATEMENT_EXECUTE|[47]
08:26:00.64 (1488272890)|HEAP_ALLOCATE|[47]|Bytes:14
08:26:00.64 (1488318208)|HEAP_ALLOCATE|[47]|Bytes:2
08:26:00.64 (1488333038)|HEAP_ALLOCATE|[47]|Bytes:16
08:26:00.64 (1488346400)|USER_DEBUG|[47]|DEBUG|accountIds@@@ {}
08:26:00.64 (1488376345)|STATEMENT_EXECUTE|[49]
08:26:00.64 (1488383025)|SYSTEM_MODE_EXIT|false
08:26:00.64 (1488396207)|METHOD_EXIT|[3]|01pq0000000kFP3|AccountTriggerAPIHandler.APICallout(List<Account>, Map<Id,Account>, Boolean)
08:26:00.488 (1488406898)|CUMULATIVE_LIMIT_USAGE
08:26:00.488 (1488406898)|LIMIT_USAGE_FOR_NS|(default)|
  Number of SOQL queries: 1 out of 100
  Number of query rows: 7 out of 50000
  Number of SOSL queries: 0 out of 20
  Number of DML statements: 1 out of 150
  Number of DML rows: 1 out of 10000
  Maximum CPU time: 60 out of 10000
  Maximum heap size: 0 out of 6000000
  Number of callouts: 2 out of 100
  Number of Email Invocations: 0 out of 10
  Number of future calls: 0 out of 50
  Number of queueable jobs added to the queue: 0 out of 50
  Number of Mobile Apex push calls: 0 out of 10

08:26:00.488 (1488406898)|CUMULATIVE_LIMIT_USAGE_END

08:26:00.64 (1490508860)|CODE_UNIT_FINISHED|AccountTrigger on Account trigger event AfterUpdate|__sfdc_trigger/AccountTrigger
08:26:00.64 (1491384926)|CODE_UNIT_STARTED|[EXTERNAL]|Workflow:Account
08:26:00.64 (1499656323)|WF_RULE_EVAL_BEGIN|Workflow
08:26:00.64 (1499701629)|WF_CRITERIA_BEGIN|[Person Account: Mr. Rahul Test 001q00000125VYT]|Engaged Account|01Q41000000Pyps|ON_ALL_CHANGES|0
08:26:00.64 (1504858708)|WF_RULE_FILTER|[Account : Type equals Member] 
AND [Account : Engagement Status not equal to Engaged] 
AND [Account : Engagement Status Override not equal to true] 
AND [Account : Last Action Date greater or equal N_MONTHS_AGO:3] 
AND [Account : Number of Actions (Last 90 Days) greater than 1.0]
08:26:00.64 (1504907785)|WF_RULE_EVAL_VALUE|Member
08:26:00.64 (1504926942)|WF_RULE_EVAL_VALUE|5
08:26:00.64 (1504936058)|WF_RULE_EVAL_VALUE|false
08:26:00.64 (1504944871)|WF_RULE_EVAL_VALUE|
08:26:00.64 (1504949859)|WF_CRITERIA_END|false
08:26:00.64 (1504978263)|WF_CRITERIA_BEGIN|[Person Account: Mr. Rahul Test 001q00000125VYT]|Other Account|01Q41000000Jizd|ON_CREATE_OR_TRIGGERING_UPDATE|0
08:26:00.64 (1505048531)|WF_RULE_FILTER|[Account : Account Record Type equals Other]
08:26:00.64 (1505061781)|WF_RULE_EVAL_VALUE|012410000005Lx1
08:26:00.64 (1505067275)|WF_CRITERIA_END|false
08:26:00.64 (1505081724)|WF_CRITERIA_BEGIN|[Person Account: Mr. Rahul Test 001q00000125VYT]|Under-Engaged Account|01Q41000000PypT|ON_ALL_CHANGES|0
08:26:00.64 (1505705035)|WF_RULE_FILTER|[Account : Type equals Member] 
AND [Account : Engagement Status not equal to Under-engaged] 
AND [Account : Engagement Status Override not equal to true] 
AND [Account : Last Action Date less or equal N_MONTHS_AGO:3] 
AND [Account : Last Action Date greater or equal N_MONTHS_AGO:6]
08:26:00.64 (1505727018)|WF_RULE_EVAL_VALUE|Member
08:26:00.64 (1505739919)|WF_RULE_EVAL_VALUE|5
08:26:00.64 (1505746578)|WF_RULE_EVAL_VALUE|false
08:26:00.64 (1505752647)|WF_RULE_EVAL_VALUE|
08:26:00.64 (1505755527)|WF_RULE_EVAL_VALUE|
08:26:00.64 (1505758547)|WF_CRITERIA_END|false
08:26:00.64 (1505779120)|WF_CRITERIA_BEGIN|[Person Account: Mr. Rahul Test 001q00000125VYT]|Type_RT30141000000SuLL|01Q41000001DzXy|ON_ALL_CHANGES|0
08:26:00.64 (1505869307)|WF_FORMULA|Formula:ENCODED:[treatNullAsNull]true|Values:
08:26:00.64 (1505876634)|WF_CRITERIA_END|true
08:26:00.64 (1506509002)|WF_CRITERIA_BEGIN|[Person Account: Mr. Rahul Test 001q00000125VYT]|Danger Zone Account|01Q41000000PypY|ON_ALL_CHANGES|0
08:26:00.64 (1507202772)|WF_RULE_FILTER|[Account : Type equals Member] 
AND [Account : Member Since less than N_MONTHS_AGO:3] 
AND [Account : Engagement Status Override equals false] 
AND [Account : Last Action Date less than N_MONTHS_AGO:6] 
AND [Account : Number of Actions (Last 90 Days) equals 0.0]
08:26:00.64 (1507234959)|WF_RULE_EVAL_VALUE|Member
08:26:00.64 (1507359399)|WF_RULE_EVAL_VALUE|2019-01-01 00:00:00
08:26:00.64 (1507368477)|WF_CRITERIA_END|false
08:26:00.64 (1507389423)|WF_CRITERIA_BEGIN|[Person Account: Mr. Rahul Test 001q00000125VYT]|Watch Account|01Q41000000Pypi|ON_ALL_CHANGES|0
08:26:00.64 (1507817030)|WF_RULE_FILTER|[Account : Type equals Member] 
AND [Account : Engagement Status not equal to Watch] 
AND [Account : Engagement Status Override not equal to true] 
AND [Account : Last Action Date greater or equal N_MONTHS_AGO:3] 
AND [Account : Number of Actions (Last 90 Days) equals 1.0]
08:26:00.64 (1507843531)|WF_RULE_EVAL_VALUE|Member
08:26:00.64 (1507858346)|WF_RULE_EVAL_VALUE|5
08:26:00.64 (1507865850)|WF_RULE_EVAL_VALUE|false
08:26:00.64 (1507872590)|WF_RULE_EVAL_VALUE|
08:26:00.64 (1507875763)|WF_CRITERIA_END|false
08:26:00.64 (1507894192)|WF_CRITERIA_BEGIN|[Person Account: Mr. Rahul Test 001q00000125VYT]|New Member Account|01Q41000000Pypx|ON_ALL_CHANGES|0
08:26:00.64 (1508274846)|WF_RULE_FILTER|[Account : Type equals Member] 
AND [Account : Engagement Status not equal to New Member] 
AND [Account : Engagement Status Override not equal to true] 
AND [Account : Member Since greater or equal N_MONTHS_AGO:3] 
AND [Account : Number of Actions (Last 90 Days) equals 0.0]
08:26:00.64 (1508302085)|WF_RULE_EVAL_VALUE|Member
08:26:00.64 (1508318627)|WF_RULE_EVAL_VALUE|5
08:26:00.64 (1508324452)|WF_CRITERIA_END|false
08:26:00.64 (1508344341)|WF_SPOOL_ACTION_BEGIN|Workflow
08:26:00.64 (1508370757)|WF_ACTION| Flow Trigger: 1;
08:26:00.64 (1508376074)|WF_RULE_EVAL_END
08:26:00.510 (1510550125)|FLOW_CREATE_INTERVIEW_BEGIN|00Dq0000000DMBw|30041000000Ew39|30141000000SuLL
08:26:00.510 (1511165143)|FLOW_CREATE_INTERVIEW_END|5121dd8cf0ed1962b5451eaa17e7168c2f557e1-1bf3|Type=RT
08:26:00.64 (1511194101)|WF_FLOW_ACTION_BEGIN|09L41000000KgAb
08:26:00.511 (1511501023)|FLOW_START_INTERVIEWS_BEGIN|1
08:26:00.511 (1511526881)|FLOW_START_INTERVIEW_BEGIN|5121dd8cf0ed1962b5451eaa17e7168c2f557e1-1bf3|Type=RT
08:26:00.511 (1576078064)|FLOW_START_INTERVIEW_END|5121dd8cf0ed1962b5451eaa17e7168c2f557e1-1bf3|Type=RT
08:26:00.511 (1576152968)|FLOW_START_INTERVIEWS_END|1
08:26:00.64 (1577688987)|WF_FLOW_ACTION_END|09L41000000KgAb
08:26:00.64 (1577891507)|WF_ACTIONS_END| Flow Trigger: 1;
08:26:00.64 (1577914508)|CODE_UNIT_FINISHED|Workflow:Account
08:26:00.64 (1587059976)|DML_END|[178]
08:26:00.64 (1587092943)|STATEMENT_EXECUTE|[180]
08:26:00.64 (1587124402)|METHOD_EXIT|[8]|01pq0000000bZIo|cultivistAPI.user(Account)
08:26:00.64 (1587149439)|SYSTEM_MODE_EXIT|false
08:26:00.601 (1601542592)|CUMULATIVE_LIMIT_USAGE
08:26:00.601 (1601542592)|LIMIT_USAGE_FOR_NS|(default)|
  Number of SOQL queries: 1 out of 100
  Number of query rows: 7 out of 50000
  Number of SOSL queries: 0 out of 20
  Number of DML statements: 1 out of 150
  Number of DML rows: 1 out of 10000
  Maximum CPU time: 60 out of 10000
  Maximum heap size: 0 out of 6000000
  Number of callouts: 2 out of 100
  Number of Email Invocations: 0 out of 10
  Number of future calls: 0 out of 50
  Number of queueable jobs added to the queue: 0 out of 50
  Number of Mobile Apex push calls: 0 out of 10

08:26:00.601 (1601542592)|CUMULATIVE_LIMIT_USAGE_END

08:26:00.64 (1601594967)|CODE_UNIT_FINISHED|execute_anonymous_apex
08:26:00.64 (1602695184)|EXECUTION_FINISHED
